<?xml version="1.0" encoding="UTF-8"?>
<!-- Generated by org.testng.reporters.JUnitXMLReporter -->
<testsuite hostname="AV-PN-PHADKEC" name="ChromeTest" tests="1" failures="1" timestamp="30 Jul 2018 17:04:48 GMT" time="32.268" errors="0">
  <testcase name="avaforSubmission" time="22.229" classname="testcases.AvaformSubmission">
    <failure type="java.lang.AssertionError" message="The following asserts failed:
Wrong">
      <![CDATA[java.lang.AssertionError: The following asserts failed:
Wrong
	at testcases.AvaformSubmission.avaforSubmission(AvaformSubmission.java:138)
... Removed 25 stack frames]]>
    </failure>
  </testcase> <!-- avaforSubmission -->
</testsuite> <!-- ChromeTest -->
