<?xml version="1.0" encoding="UTF-8"?>
<testng-results skipped="0" failed="1" total="1" passed="0">
  <reporter-output>
  </reporter-output>
  <suite name="Suite" duration-ms="32268" started-at="2018-07-30T17:04:15Z" finished-at="2018-07-30T17:04:48Z">
    <groups>
    </groups>
    <test name="ChromeTest" duration-ms="32268" started-at="2018-07-30T17:04:15Z" finished-at="2018-07-30T17:04:48Z">
      <class name="testcases.AvaformSubmission">
        <test-method status="PASS" signature="beforeTest(java.lang.String)[pri:0, instance:testcases.AvaformSubmission@39c0f4a]" name="beforeTest" is-config="true" duration-ms="9136" started-at="2018-07-30T22:34:15Z" finished-at="2018-07-30T22:34:24Z">
          <params>
            <param index="0">
              <value>
                <![CDATA[chrome]]>
              </value>
            </param>
          </params>
          <reporter-output>
          </reporter-output>
        </test-method> <!-- beforeTest -->
        <test-method status="FAIL" signature="avaforSubmission()[pri:0, instance:testcases.AvaformSubmission@39c0f4a]" name="avaforSubmission" duration-ms="22229" started-at="2018-07-30T22:34:24Z" finished-at="2018-07-30T22:34:47Z">
          <exception class="java.lang.AssertionError">
            <message>
              <![CDATA[The following asserts failed:
Wrong]]>
            </message>
            <full-stacktrace>
              <![CDATA[java.lang.AssertionError: The following asserts failed:
Wrong
	at org.testng.asserts.SoftAssert.assertAll(SoftAssert.java:38)
	at testcases.AvaformSubmission.avaforSubmission(AvaformSubmission.java:138)
	at sun.reflect.NativeMethodAccessorImpl.invoke0(Native Method)
	at sun.reflect.NativeMethodAccessorImpl.invoke(NativeMethodAccessorImpl.java:62)
	at sun.reflect.DelegatingMethodAccessorImpl.invoke(DelegatingMethodAccessorImpl.java:43)
	at java.lang.reflect.Method.invoke(Method.java:498)
	at org.testng.internal.MethodInvocationHelper.invokeMethod(MethodInvocationHelper.java:84)
	at org.testng.internal.Invoker.invokeMethod(Invoker.java:714)
	at org.testng.internal.Invoker.invokeTestMethod(Invoker.java:901)
	at org.testng.internal.Invoker.invokeTestMethods(Invoker.java:1231)
	at org.testng.internal.TestMethodWorker.invokeTestMethods(TestMethodWorker.java:127)
	at org.testng.internal.TestMethodWorker.run(TestMethodWorker.java:111)
	at org.testng.TestRunner.privateRun(TestRunner.java:767)
	at org.testng.TestRunner.run(TestRunner.java:617)
	at org.testng.SuiteRunner.runTest(SuiteRunner.java:348)
	at org.testng.SuiteRunner.runSequentially(SuiteRunner.java:343)
	at org.testng.SuiteRunner.privateRun(SuiteRunner.java:305)
	at org.testng.SuiteRunner.run(SuiteRunner.java:254)
	at org.testng.SuiteRunnerWorker.runSuite(SuiteRunnerWorker.java:52)
	at org.testng.SuiteRunnerWorker.run(SuiteRunnerWorker.java:86)
	at org.testng.TestNG.runSuitesSequentially(TestNG.java:1224)
	at org.testng.TestNG.runSuitesLocally(TestNG.java:1149)
	at org.testng.TestNG.run(TestNG.java:1057)
	at org.testng.remote.AbstractRemoteTestNG.run(AbstractRemoteTestNG.java:114)
	at org.testng.remote.RemoteTestNG.initAndRun(RemoteTestNG.java:251)
	at org.testng.remote.RemoteTestNG.main(RemoteTestNG.java:77)
]]>
            </full-stacktrace>
          </exception> <!-- java.lang.AssertionError -->
          <reporter-output>
          </reporter-output>
        </test-method> <!-- avaforSubmission -->
        <test-method status="PASS" signature="afterTest(java.lang.String)[pri:0, instance:testcases.AvaformSubmission@39c0f4a]" name="afterTest" is-config="true" duration-ms="880" started-at="2018-07-30T22:34:47Z" finished-at="2018-07-30T22:34:48Z">
          <params>
            <param index="0">
              <value>
                <![CDATA[chrome]]>
              </value>
            </param>
          </params>
          <reporter-output>
          </reporter-output>
        </test-method> <!-- afterTest -->
      </class> <!-- testcases.AvaformSubmission -->
    </test> <!-- ChromeTest -->
  </suite> <!-- Suite -->
</testng-results>
